2026-07-08 16:21:58,542 - __main__ - INFO - ================================================================================
2026-07-08 16:21:58,627 - __main__ - INFO - ================================================================================
2026-07-08 16:21:58,628 - core.orchestrator - INFO - ======================================================================
2026-07-08 16:21:58,631 - core.orchestrator - INFO - ======================================================================
2026-07-08 16:21:58,634 - brain.state_manager - INFO - StateManager inicializado
2026-07-08 16:21:58,686 - brain.state_manager - INFO - Sesión iniciada: 7c0f48e7-885f-47d4-8c91-a9cd1140ec80
2026-07-08 16:21:58,688 - core.orchestrator - INFO -    Session: 7c0f48e7-885...
2026-07-08 16:21:58,688 - core.orchestrator - INFO -    Modo: sleeping
2026-07-08 16:21:58,689 - core.orchestrator - INFO - ======================================================================
2026-07-08 16:22:45,386 - core.orchestrator - INFO - 
======================================================================
2026-07-08 16:22:45,388 - core.orchestrator - INFO - ======================================================================
2026-07-08 16:49:49,824 - __main__ - INFO - ================================================================================
2026-07-08 16:49:49,928 - __main__ - INFO - ================================================================================
2026-07-08 16:49:49,929 - core.orchestrator - INFO - ======================================================================
2026-07-08 16:49:49,934 - core.orchestrator - INFO - ======================================================================
2026-07-08 16:49:49,938 - brain.state_manager - INFO - StateManager inicializado
2026-07-08 16:49:49,958 - brain.state_manager - INFO - Sesión iniciada: 1a51511f-8985-4855-83de-8ed6f341a26a
2026-07-08 16:49:49,962 - core.orchestrator - INFO -    Session: 1a51511f-898...
2026-07-08 16:49:49,962 - core.orchestrator - INFO -    Modo: sleeping
2026-07-08 16:49:49,962 - core.orchestrator - INFO - ======================================================================
2026-07-08 16:50:44,633 - core.orchestrator - INFO - 
======================================================================
2026-07-08 16:50:44,635 - core.orchestrator - INFO - ======================================================================
